# JRE version: OpenJDK Runtime Environment (8.0_222-b10) (build 1.8.0_222-b10)
# Java VM: OpenJDK 64-Bit Server VM (25.222-b10 mixed mode linux-aarch64 compressed oops)
Heap:
 PSYoungGen      total 1049088K, used 526573K [0x0000000580100000, 0x00000005c3700000, 0x0000000800000000)
  eden space 1015296K, 48% used [0x0000000580100000,0x000000059e55b450,0x00000005be080000)
  from space 33792K, 90% used [0x00000005be080000,0x00000005bfe60020,0x00000005c0180000)
  to   space 35840K, 0% used [0x00000005c1400000,0x00000005c1400000,0x00000005c3700000)
 ParOldGen       total 1643008K, used 58272K [0x0000000080200000, 0x00000000e4680000, 0x0000000580100000)
  object space 1643008K, 3% used [0x0000000080200000,0x0000000083ae8270,0x00000000e4680000)
 Metaspace       used 37494K, capacity 37974K, committed 38104K, reserved 1083392K
  class space    used 4192K, capacity 4321K, committed 4352K, reserved 1048576K
GC Heap History (46 events):
Event: 1.708 GC heap before
{Heap before GC invocations=1 (full 0):
 PSYoungGen      total 611840K, used 398850K [0x0000000580100000, 0x00000005aab80000, 0x0000000800000000)
  eden space 524800K, 76% used [0x0000000580100000,0x0000000598680900,0x00000005a0180000)
  from space 87040K, 0% used [0x00000005a5680000,0x00000005a5680000,0x00000005aab80000)
  to   space 87040K, 0% used [0x00000005a0180000,0x00000005a0180000,0x00000005a5680000)
 ParOldGen       total 1398272K, used 0K [0x0000000080200000, 0x00000000d5780000, 0x0000000580100000)
  object space 1398272K, 0% used [0x0000000080200000,0x0000000080200000,0x00000000d5780000)
 Metaspace       used 20818K, capacity 21060K, committed 21248K, reserved 1069056K
  class space    used 2389K, capacity 2486K, committed 2560K, reserved 1048576K
Event: 1.731 GC heap after
Heap after GC invocations=1 (full 0):
 PSYoungGen      total 611840K, used 18221K [0x0000000580100000, 0x00000005cac00000, 0x0000000800000000)
  eden space 524800K, 0% used [0x0000000580100000,0x0000000580100000,0x00000005a0180000)
  from space 87040K, 20% used [0x00000005a0180000,0x00000005a134b7f0,0x00000005a5680000)
  to   space 87040K, 0% used [0x00000005c5700000,0x00000005c5700000,0x00000005cac00000)
 ParOldGen       total 1398272K, used 16K [0x0000000080200000, 0x00000000d5780000, 0x0000000580100000)
  object space 1398272K, 0% used [0x0000000080200000,0x0000000080204000,0x00000000d5780000)
 Metaspace       used 20818K, capacity 21060K, committed 21248K, reserved 1069056K
  class space    used 2389K, capacity 2486K, committed 2560K, reserved 1048576K
}
Event: 1.731 GC heap before
{Heap before GC invocations=2 (full 1):
 PSYoungGen      total 611840K, used 18221K [0x0000000580100000, 0x00000005cac00000, 0x0000000800000000)
  eden space 524800K, 0% used [0x0000000580100000,0x0000000580100000,0x00000005a0180000)
  from space 87040K, 20% used [0x00000005a0180000,0x00000005a134b7f0,0x00000005a5680000)
  to   space 87040K, 0% used [0x00000005c5700000,0x00000005c5700000,0x00000005cac00000)
 ParOldGen       total 1398272K, used 16K [0x0000000080200000, 0x00000000d5780000, 0x0000000580100000)
  object space 1398272K, 0% used [0x0000000080200000,0x0000000080204000,0x00000000d5780000)
 Metaspace       used 20818K, capacity 21060K, committed 21248K, reserved 1069056K
  class space    used 2389K, capacity 2486K, committed 2560K, reserved 1048576K
Event: 1.785 GC heap after
Heap after GC invocations=2 (full 1):
 PSYoungGen      total 611840K, used 0K [0x0000000580100000, 0x00000005cac00000, 0x0000000800000000)
  eden space 524800K, 0% used [0x0000000580100000,0x0000000580100000,0x00000005a0180000)
  from space 87040K, 0% used [0x00000005a0180000,0x00000005a0180000,0x00000005a5680000)
  to   space 87040K, 0% used [0x00000005c5700000,0x00000005c5700000,0x00000005cac00000)
 ParOldGen       total 912384K, used 16872K [0x0000000080200000, 0x00000000b7d00000, 0x0000000580100000)
  object space 912384K, 1% used [0x0000000080200000,0x000000008127a170,0x00000000b7d00000)
 Metaspace       used 20818K, capacity 21060K, committed 21248K, reserved 1069056K
  class space    used 2389K, capacity 2486K, committed 2560K, reserved 1048576K
}
Event: 14501.121 GC heap before
{Heap before GC invocations=3 (full 1):
 PSYoungGen      total 611840K, used 524800K [0x0000000580100000, 0x00000005cac00000, 0x0000000800000000)
  eden space 524800K, 100% used [0x0000000580100000,0x00000005a0180000,0x00000005a0180000)
  from space 87040K, 0% used [0x00000005a0180000,0x00000005a0180000,0x00000005a5680000)
  to   space 87040K, 0% used [0x00000005c5700000,0x00000005c5700000,0x00000005cac00000)
 ParOldGen       total 912384K, used 16872K [0x0000000080200000, 0x00000000b7d00000, 0x0000000580100000)
  object space 912384K, 1% used [0x0000000080200000,0x000000008127a170,0x00000000b7d00000)
 Metaspace       used 33182K, capacity 33674K, committed 33792K, reserved 1079296K
  class space    used 3992K, capacity 4091K, committed 4096K, reserved 1048576K
Event: 14501.145 GC heap after
Heap after GC invocations=3 (full 1):
 PSYoungGen      total 539136K, used 14331K [0x0000000580100000, 0x00000005c6500000, 0x0000000800000000)
  eden space 524800K, 0% used [0x0000000580100000,0x0000000580100000,0x00000005a0180000)
  from space 14336K, 99% used [0x00000005c5700000,0x00000005c64fecb8,0x00000005c6500000)
  to   space 87040K, 0% used [0x00000005bbb00000,0x00000005bbb00000,0x00000005c1000000)
 ParOldGen       total 912384K, used 16888K [0x0000000080200000, 0x00000000b7d00000, 0x0000000580100000)
  object space 912384K, 1% used [0x0000000080200000,0x000000008127e170,0x00000000b7d00000)
 Metaspace       used 33182K, capacity 33674K, committed 33792K, reserved 1079296K
  class space    used 3992K, capacity 4091K, committed 4096K, reserved 1048576K
}
Event: 22064.576 GC heap before
{Heap before GC invocations=4 (full 1):
 PSYoungGen      total 539136K, used 539131K [0x0000000580100000, 0x00000005c6500000, 0x0000000800000000)
  eden space 524800K, 100% used [0x0000000580100000,0x00000005a0180000,0x00000005a0180000)
  from space 14336K, 99% used [0x00000005c5700000,0x00000005c64fecb8,0x00000005c6500000)
  to   space 87040K, 0% used [0x00000005bbb00000,0x00000005bbb00000,0x00000005c1000000)
 ParOldGen       total 912384K, used 16888K [0x0000000080200000, 0x00000000b7d00000, 0x0000000580100000)
  object space 912384K, 1% used [0x0000000080200000,0x000000008127e170,0x00000000b7d00000)
 Metaspace       used 34270K, capacity 34738K, committed 34944K, reserved 1079296K
  class space    used 3994K, capacity 4123K, committed 4224K, reserved 1048576K
Event: 22064.614 GC heap after
Heap after GC invocations=4 (full 1):
 PSYoungGen      total 540672K, used 15416K [0x0000000580100000, 0x00000005c5780000, 0x0000000800000000)
  eden space 524800K, 0% used [0x0000000580100000,0x0000000580100000,0x00000005a0180000)
  from space 15872K, 97% used [0x00000005bbb00000,0x00000005bca0e0d0,0x00000005bca80000)
  to   space 87040K, 0% used [0x00000005c0280000,0x00000005c0280000,0x00000005c5780000)
 ParOldGen       total 912384K, used 16904K [0x0000000080200000, 0x00000000b7d00000, 0x0000000580100000)
  object space 912384K, 1% used [0x0000000080200000,0x0000000081282170,0x00000000b7d00000)
 Metaspace       used 34270K, capacity 34738K, committed 34944K, reserved 1079296K
  class space    used 3994K, capacity 4123K, committed 4224K, reserved 1048576K
}
Event: 22080.485 GC heap before
{Heap before GC invocations=5 (full 1):
 PSYoungGen      total 540672K, used 373632K [0x0000000580100000, 0x00000005c5780000, 0x0000000800000000)
  eden space 524800K, 68% used [0x0000000580100000,0x0000000595ed22e8,0x00000005a0180000)
  from space 15872K, 97% used [0x00000005bbb00000,0x00000005bca0e0d0,0x00000005bca80000)
  to   space 87040K, 0% used [0x00000005c0280000,0x00000005c0280000,0x00000005c5780000)
 ParOldGen       total 912384K, used 16904K [0x0000000080200000, 0x00000000b7d00000, 0x0000000580100000)
  object space 912384K, 1% used [0x0000000080200000,0x0000000081282170,0x00000000b7d00000)
 Metaspace       used 34844K, capacity 35250K, committed 35416K, reserved 1081344K
  class space    used 3996K, capacity 4123K, committed 4224K, reserved 1048576K
Event: 22080.507 GC heap after
Heap after GC invocations=5 (full 1):
 PSYoungGen      total 540160K, used 15054K [0x0000000580100000, 0x00000005c1180000, 0x0000000800000000)
  eden space 524800K, 0% used [0x0000000580100000,0x0000000580100000,0x00000005a0180000)
  from space 15360K, 98% used [0x00000005c0280000,0x00000005c11338d8,0x00000005c1180000)
  to   space 87040K, 0% used [0x00000005b6780000,0x00000005b6780000,0x00000005bbc80000)
 ParOldGen       total 912384K, used 16912K [0x0000000080200000, 0x00000000b7d00000, 0x0000000580100000)
  object space 912384K, 1% used [0x0000000080200000,0x0000000081284170,0x00000000b7d00000)
 Metaspace       used 34844K, capacity 35250K, committed 35416K, reserved 1081344K
  class space    used 3996K, capacity 4123K, committed 4224K, reserved 1048576K
}
Event: 22080.507 GC heap before
{Heap before GC invocations=6 (full 2):
 PSYoungGen      total 540160K, used 15054K [0x0000000580100000, 0x00000005c1180000, 0x0000000800000000)
  eden space 524800K, 0% used [0x0000000580100000,0x0000000580100000,0x00000005a0180000)
  from space 15360K, 98% used [0x00000005c0280000,0x00000005c11338d8,0x00000005c1180000)
  to   space 87040K, 0% used [0x00000005b6780000,0x00000005b6780000,0x00000005bbc80000)
 ParOldGen       total 912384K, used 16912K [0x0000000080200000, 0x00000000b7d00000, 0x0000000580100000)
  object space 912384K, 1% used [0x0000000080200000,0x0000000081284170,0x00000000b7d00000)
 Metaspace       used 34844K, capacity 35250K, committed 35416K, reserved 1081344K
  class space    used 3996K, capacity 4123K, committed 4224K, reserved 1048576K
Event: 22080.579 GC heap after
Heap after GC invocations=6 (full 2):
 PSYoungGen      total 540160K, used 0K [0x0000000580100000, 0x00000005c1180000, 0x0000000800000000)
  eden space 524800K, 0% used [0x0000000580100000,0x0000000580100000,0x00000005a0180000)
  from space 15360K, 0% used [0x00000005c0280000,0x00000005c0280000,0x00000005c1180000)
  to   space 87040K, 0% used [0x00000005b6780000,0x00000005b6780000,0x00000005bbc80000)
 ParOldGen       total 1643008K, used 19679K [0x0000000080200000, 0x00000000e4680000, 0x0000000580100000)
  object space 1643008K, 1% used [0x0000000080200000,0x0000000081537ed0,0x00000000e4680000)
 Metaspace       used 34844K, capacity 35250K, committed 35416K, reserved 1081344K
  class space    used 3996K, capacity 4123K, committed 4224K, reserved 1048576K
}
Event: 22102.250 GC heap before
{Heap before GC invocations=7 (full 2):
 PSYoungGen      total 540160K, used 524800K [0x0000000580100000, 0x00000005c1180000, 0x0000000800000000)
  eden space 524800K, 100% used [0x0000000580100000,0x00000005a0180000,0x00000005a0180000)
  from space 15360K, 0% used [0x00000005c0280000,0x00000005c0280000,0x00000005c1180000)
  to   space 87040K, 0% used [0x00000005b6780000,0x00000005b6780000,0x00000005bbc80000)
 ParOldGen       total 1643008K, used 19679K [0x0000000080200000, 0x00000000e4680000, 0x0000000580100000)
  object space 1643008K, 1% used [0x0000000080200000,0x0000000081537ed0,0x00000000e4680000)
 Metaspace       used 35072K, capacity 35570K, committed 35928K, reserved 1081344K
  class space    used 3997K, capacity 4123K, committed 4224K, reserved 1048576K
Event: 22102.279 GC heap after
Heap after GC invocations=7 (full 2):
 PSYoungGen      total 697856K, used 14800K [0x0000000580100000, 0x00000005c0300000, 0x0000000800000000)
  eden space 610816K, 0% used [0x0000000580100000,0x0000000580100000,0x00000005a5580000)
  from space 87040K, 17% used [0x00000005b6780000,0x00000005b75f4010,0x00000005bbc80000)
  to   space 18432K, 0% used [0x00000005bf100000,0x00000005bf100000,0x00000005c0300000)
 ParOldGen       total 1643008K, used 19687K [0x0000000080200000, 0x00000000e4680000, 0x0000000580100000)
  object space 1643008K, 1% used [0x0000000080200000,0x0000000081539ed0,0x00000000e4680000)
 Metaspace       used 35072K, capacity 35570K, committed 35928K, reserved 1081344K
  class space    used 3997K, capacity 4123K, committed 4224K, reserved 1048576K
}
Event: 22128.637 GC heap before
{Heap before GC invocations=8 (full 2):
 PSYoungGen      total 697856K, used 625616K [0x0000000580100000, 0x00000005c0300000, 0x0000000800000000)
  eden space 610816K, 100% used [0x0000000580100000,0x00000005a5580000,0x00000005a5580000)
  from space 87040K, 17% used [0x00000005b6780000,0x00000005b75f4010,0x00000005bbc80000)
  to   space 18432K, 0% used [0x00000005bf100000,0x00000005bf100000,0x00000005c0300000)
 ParOldGen       total 1643008K, used 19687K [0x0000000080200000, 0x00000000e4680000, 0x0000000580100000)
  object space 1643008K, 1% used [0x0000000080200000,0x0000000081539ed0,0x00000000e4680000)
 Metaspace       used 35078K, capacity 35570K, committed 35928K, reserved 1081344K
  class space    used 3997K, capacity 4123K, committed 4224K, reserved 1048576K
Event: 22128.661 GC heap after
Heap after GC invocations=8 (full 2):
 PSYoungGen      total 714240K, used 18336K [0x0000000580100000, 0x00000005c0300000, 0x0000000800000000)
  eden space 695808K, 0% used [0x0000000580100000,0x0000000580100000,0x00000005aa880000)
  from space 18432K, 99% used [0x00000005bf100000,0x00000005c02e8000,0x00000005c0300000)
  to   space 19456K, 0% used [0x00000005bdd00000,0x00000005bdd00000,0x00000005bf000000)
 ParOldGen       total 1643008K, used 19695K [0x0000000080200000, 0x00000000e4680000, 0x0000000580100000)
  object space 1643008K, 1% used [0x0000000080200000,0x000000008153bed0,0x00000000e4680000)
 Metaspace       used 35078K, capacity 35570K, committed 35928K, reserved 1081344K
  class space    used 3997K, capacity 4123K, committed 4224K, reserved 1048576K
}
Event: 22180.972 GC heap before
{Heap before GC invocations=9 (full 2):
 PSYoungGen      total 714240K, used 714144K [0x0000000580100000, 0x00000005c0300000, 0x0000000800000000)
  eden space 695808K, 100% used [0x0000000580100000,0x00000005aa880000,0x00000005aa880000)
  from space 18432K, 99% used [0x00000005bf100000,0x00000005c02e8000,0x00000005c0300000)
  to   space 19456K, 0% used [0x00000005bdd00000,0x00000005bdd00000,0x00000005bf000000)
 ParOldGen       total 1643008K, used 19695K [0x0000000080200000, 0x00000000e4680000, 0x0000000580100000)
  object space 1643008K, 1% used [0x0000000080200000,0x000000008153bed0,0x00000000e4680000)
 Metaspace       used 35080K, capacity 35570K, committed 35928K, reserved 1081344K
  class space    used 3997K, capacity 4123K, committed 4224K, reserved 1048576K
Event: 22181.006 GC heap after
Heap after GC invocations=9 (full 2):
 PSYoungGen      total 796160K, used 19456K [0x0000000580100000, 0x00000005bf180000, 0x0000000800000000)
  eden space 776704K, 0% used [0x0000000580100000,0x0000000580100000,0x00000005af780000)
  from space 19456K, 100% used [0x00000005bdd00000,0x00000005bf000000,0x00000005bf000000)
  to   space 1536K, 0% used [0x00000005bf000000,0x00000005bf000000,0x00000005bf180000)
 ParOldGen       total 1643008K, used 20047K [0x0000000080200000, 0x00000000e4680000, 0x0000000580100000)
  object space 1643008K, 1% used [0x0000000080200000,0x0000000081593ed0,0x00000000e4680000)
 Metaspace       used 35080K, capacity 35570K, committed 35928K, reserved 1081344K
  class space    used 3997K, capacity 4123K, committed 4224K, reserved 1048576K
}
Event: 22235.847 GC heap before
{Heap before GC invocations=10 (full 2):
 PSYoungGen      total 796160K, used 796160K [0x0000000580100000, 0x00000005bf180000, 0x0000000800000000)
  eden space 776704K, 100% used [0x0000000580100000,0x00000005af780000,0x00000005af780000)
  from space 19456K, 100% used [0x00000005bdd00000,0x00000005bf000000,0x00000005bf000000)
  to   space 1536K, 0% used [0x00000005bf000000,0x00000005bf000000,0x00000005bf180000)
 ParOldGen       total 1643008K, used 20047K [0x0000000080200000, 0x00000000e4680000, 0x0000000580100000)
  object space 1643008K, 1% used [0x0000000080200000,0x0000000081593ed0,0x00000000e4680000)
 Metaspace       used 35084K, capacity 35570K, committed 35928K, reserved 1081344K
  class space    used 3997K, capacity 4123K, committed 4224K, reserved 1048576K
Event: 22235.878 GC heap after
Heap after GC invocations=10 (full 2):
 PSYoungGen      total 854016K, used 1536K [0x0000000580100000, 0x00000005bf180000, 0x0000000800000000)
  eden space 852480K, 0% used [0x0000000580100000,0x0000000580100000,0x00000005b4180000)
  from space 1536K, 100% used [0x00000005bf000000,0x00000005bf180000,0x00000005bf180000)
  to   space 22528K, 0% used [0x00000005bc580000,0x00000005bc580000,0x00000005bdb80000)
 ParOldGen       total 1643008K, used 39615K [0x0000000080200000, 0x00000000e4680000, 0x0000000580100000)
  object space 1643008K, 2% used [0x0000000080200000,0x00000000828aff90,0x00000000e4680000)
 Metaspace       used 35084K, capacity 35570K, committed 35928K, reserved 1081344K
  class space    used 3997K, capacity 4123K, committed 4224K, reserved 1048576K
}
Event: 22299.240 GC heap before
{Heap before GC invocations=11 (full 2):
 PSYoungGen      total 854016K, used 854016K [0x0000000580100000, 0x00000005bf180000, 0x0000000800000000)
  eden space 852480K, 100% used [0x0000000580100000,0x00000005b4180000,0x00000005b4180000)
  from space 1536K, 100% used [0x00000005bf000000,0x00000005bf180000,0x00000005bf180000)
  to   space 22528K, 0% used [0x00000005bc580000,0x00000005bc580000,0x00000005bdb80000)
 ParOldGen       total 1643008K, used 39615K [0x0000000080200000, 0x00000000e4680000, 0x0000000580100000)
  object space 1643008K, 2% used [0x0000000080200000,0x00000000828aff90,0x00000000e4680000)
 Metaspace       used 35085K, capacity 35570K, committed 35928K, reserved 1081344K
  class space    used 3998K, capacity 4123K, committed 4224K, reserved 1048576K
Event: 22299.280 GC heap after
Heap after GC invocations=11 (full 2):
 PSYoungGen      total 918016K, used 22528K [0x0000000580100000, 0x00000005bf080000, 0x0000000800000000)
  eden space 895488K, 0% used [0x0000000580100000,0x0000000580100000,0x00000005b6b80000)
  from space 22528K, 100% used [0x00000005bc580000,0x00000005bdb80000,0x00000005bdb80000)
  to   space 21504K, 0% used [0x00000005bdb80000,0x00000005bdb80000,0x00000005bf080000)
 ParOldGen       total 1643008K, used 41015K [0x0000000080200000, 0x00000000e4680000, 0x0000000580100000)
  object space 1643008K, 2% used [0x0000000080200000,0x0000000082a0df90,0x00000000e4680000)
 Metaspace       used 35085K, capacity 35570K, committed 35928K, reserved 1081344K
  class space    used 3998K, capacity 4123K, committed 4224K, reserved 1048576K
}
Event: 22534.484 GC heap before
{Heap before GC invocations=12 (full 2):
 PSYoungGen      total 918016K, used 918016K [0x0000000580100000, 0x00000005bf080000, 0x0000000800000000)
  eden space 895488K, 100% used [0x0000000580100000,0x00000005b6b80000,0x00000005b6b80000)
  from space 22528K, 100% used [0x00000005bc580000,0x00000005bdb80000,0x00000005bdb80000)
  to   space 21504K, 0% used [0x00000005bdb80000,0x00000005bdb80000,0x00000005bf080000)
 ParOldGen       total 1643008K, used 41015K [0x0000000080200000, 0x00000000e4680000, 0x0000000580100000)
  object space 1643008K, 2% used [0x0000000080200000,0x0000000082a0df90,0x00000000e4680000)
 Metaspace       used 35086K, capacity 35570K, committed 35928K, reserved 1081344K
  class space    used 3998K, capacity 4123K, committed 4224K, reserved 1048576K
Event: 22534.521 GC heap after
Heap after GC invocations=12 (full 2):
 PSYoungGen      total 952832K, used 21504K [0x0000000580100000, 0x00000005bf080000, 0x0000000800000000)
  eden space 931328K, 0% used [0x0000000580100000,0x0000000580100000,0x00000005b8e80000)
  from space 21504K, 100% used [0x00000005bdb80000,0x00000005bf080000,0x00000005bf080000)
  to   space 26112K, 0% used [0x00000005bbd80000,0x00000005bbd80000,0x00000005bd700000)
 ParOldGen       total 1643008K, used 43319K [0x0000000080200000, 0x00000000e4680000, 0x0000000580100000)
  object space 1643008K, 2% used [0x0000000080200000,0x0000000082c4df90,0x00000000e4680000)
 Metaspace       used 35086K, capacity 35570K, committed 35928K, reserved 1081344K
  class space    used 3998K, capacity 4123K, committed 4224K, reserved 1048576K
}
Event: 22740.389 GC heap before
{Heap before GC invocations=13 (full 2):
 PSYoungGen      total 952832K, used 952832K [0x0000000580100000, 0x00000005bf080000, 0x0000000800000000)
  eden space 931328K, 100% used [0x0000000580100000,0x00000005b8e80000,0x00000005b8e80000)
  from space 21504K, 100% used [0x00000005bdb80000,0x00000005bf080000,0x00000005bf080000)
  to   space 26112K, 0% used [0x00000005bbd80000,0x00000005bbd80000,0x00000005bd700000)
 ParOldGen       total 1643008K, used 43319K [0x0000000080200000, 0x00000000e4680000, 0x0000000580100000)
  object space 1643008K, 2% used [0x0000000080200000,0x0000000082c4df90,0x00000000e4680000)
 Metaspace       used 35087K, capacity 35570K, committed 35928K, reserved 1081344K
  class space    used 3999K, capacity 4123K, committed 4224K, reserved 1048576K
Event: 22740.432 GC heap after
Heap after GC invocations=13 (full 2):
 PSYoungGen      total 986624K, used 24640K [0x0000000580100000, 0x00000005be200000, 0x0000000800000000)
  eden space 961536K, 0% used [0x0000000580100000,0x0000000580100000,0x00000005bac00000)
  from space 25088K, 98% used [0x00000005bbd80000,0x00000005bd590000,0x00000005bd600000)
  to   space 12288K, 0% used [0x00000005bd600000,0x00000005bd600000,0x00000005be200000)
 ParOldGen       total 1643008K, used 44032K [0x0000000080200000, 0x00000000e4680000, 0x0000000580100000)
  object space 1643008K, 2% used [0x0000000080200000,0x0000000082d00050,0x00000000e4680000)
 Metaspace       used 35087K, capacity 35570K, committed 35928K, reserved 1081344K
  class space    used 3999K, capacity 4123K, committed 4224K, reserved 1048576K
}
Event: 23039.796 GC heap before
{Heap before GC invocations=14 (full 2):
 PSYoungGen      total 986624K, used 986176K [0x0000000580100000, 0x00000005be200000, 0x0000000800000000)
  eden space 961536K, 100% used [0x0000000580100000,0x00000005bac00000,0x00000005bac00000)
  from space 25088K, 98% used [0x00000005bbd80000,0x00000005bd590000,0x00000005bd600000)
  to   space 12288K, 0% used [0x00000005bd600000,0x00000005bd600000,0x00000005be200000)
 ParOldGen       total 1643008K, used 44032K [0x0000000080200000, 0x00000000e4680000, 0x0000000580100000)
  object space 1643008K, 2% used [0x0000000080200000,0x0000000082d00050,0x00000000e4680000)
 Metaspace       used 35091K, capacity 35570K, committed 35928K, reserved 1081344K
  class space    used 4000K, capacity 4123K, committed 4224K, reserved 1048576K
Event: 23039.834 GC heap after
Heap after GC invocations=14 (full 2):
 PSYoungGen      total 987648K, used 12288K [0x0000000580100000, 0x00000005bfd00000, 0x0000000800000000)
  eden space 975360K, 0% used [0x0000000580100000,0x0000000580100000,0x00000005bb980000)
  from space 12288K, 100% used [0x00000005bd600000,0x00000005be200000,0x00000005be200000)
  to   space 29184K, 0% used [0x00000005bb980000,0x00000005bb980000,0x00000005bd600000)
 ParOldGen       total 1643008K, used 56992K [0x0000000080200000, 0x00000000e4680000, 0x0000000580100000)
  object space 1643008K, 3% used [0x0000000080200000,0x00000000839a8050,0x00000000e4680000)
 Metaspace       used 35091K, capacity 35570K, committed 35928K, reserved 1081344K
  class space    used 4000K, capacity 4123K, committed 4224K, reserved 1048576K
}
Event: 23285.049 GC heap before
{Heap before GC invocations=15 (full 2):
 PSYoungGen      total 987648K, used 987648K [0x0000000580100000, 0x00000005bfd00000, 0x0000000800000000)
  eden space 975360K, 100% used [0x0000000580100000,0x00000005bb980000,0x00000005bb980000)
  from space 12288K, 100% used [0x00000005bd600000,0x00000005be200000,0x00000005be200000)
  to   space 29184K, 0% used [0x00000005bb980000,0x00000005bb980000,0x00000005bd600000)
 ParOldGen       total 1643008K, used 56992K [0x0000000080200000, 0x00000000e4680000, 0x0000000580100000)
  object space 1643008K, 3% used [0x0000000080200000,0x00000000839a8050,0x00000000e4680000)
 Metaspace       used 35100K, capacity 35570K, committed 35928K, reserved 1081344K
  class space    used 4002K, capacity 4123K, committed 4224K, reserved 1048576K
Event: 23285.094 GC heap after
Heap after GC invocations=15 (full 2):
 PSYoungGen      total 1004544K, used 23488K [0x0000000580100000, 0x00000005c0780000, 0x0000000800000000)
  eden space 975360K, 0% used [0x0000000580100000,0x0000000580100000,0x00000005bb980000)
  from space 29184K, 80% used [0x00000005bb980000,0x00000005bd070000,0x00000005bd600000)
  to   space 29696K, 0% used [0x00000005bea80000,0x00000005bea80000,0x00000005c0780000)
 ParOldGen       total 1643008K, used 58256K [0x0000000080200000, 0x00000000e4680000, 0x0000000580100000)
  object space 1643008K, 3% used [0x0000000080200000,0x0000000083ae4270,0x00000000e4680000)
 Metaspace       used 35100K, capacity 35570K, committed 35928K, reserved 1081344K
  class space    used 4002K, capacity 4123K, committed 4224K, reserved 1048576K
}
Event: 23546.078 GC heap before
{Heap before GC invocations=16 (full 2):
 PSYoungGen      total 1004544K, used 998848K [0x0000000580100000, 0x00000005c0780000, 0x0000000800000000)
  eden space 975360K, 100% used [0x0000000580100000,0x00000005bb980000,0x00000005bb980000)
  from space 29184K, 80% used [0x00000005bb980000,0x00000005bd070000,0x00000005bd600000)
  to   space 29696K, 0% used [0x00000005bea80000,0x00000005bea80000,0x00000005c0780000)
 ParOldGen       total 1643008K, used 58256K [0x0000000080200000, 0x00000000e4680000, 0x0000000580100000)
  object space 1643008K, 3% used [0x0000000080200000,0x0000000083ae4270,0x00000000e4680000)
 Metaspace       used 35101K, capacity 35570K, committed 35928K, reserved 1081344K
  class space    used 4003K, capacity 4123K, committed 4224K, reserved 1048576K
Event: 23546.118 GC heap after
Heap after GC invocations=16 (full 2):
 PSYoungGen      total 1019392K, used 23552K [0x0000000580100000, 0x00000005c0500000, 0x0000000800000000)
  eden space 992256K, 0% used [0x0000000580100000,0x0000000580100000,0x00000005bca00000)
  from space 27136K, 86% used [0x00000005bea80000,0x00000005c0180000,0x00000005c0500000)
  to   space 30208K, 0% used [0x00000005bca00000,0x00000005bca00000,0x00000005be780000)
 ParOldGen       total 1643008K, used 58256K [0x0000000080200000, 0x00000000e4680000, 0x0000000580100000)
  object space 1643008K, 3% used [0x0000000080200000,0x0000000083ae4270,0x00000000e4680000)
 Metaspace       used 35101K, capacity 35570K, committed 35928K, reserved 1081344K
  class space    used 4003K, capacity 4123K, committed 4224K, reserved 1048576K
}
Event: 23821.294 GC heap before
{Heap before GC invocations=17 (full 2):
 PSYoungGen      total 1019392K, used 1015808K [0x0000000580100000, 0x00000005c0500000, 0x0000000800000000)
  eden space 992256K, 100% used [0x0000000580100000,0x00000005bca00000,0x00000005bca00000)
  from space 27136K, 86% used [0x00000005bea80000,0x00000005c0180000,0x00000005c0500000)
  to   space 30208K, 0% used [0x00000005bca00000,0x00000005bca00000,0x00000005be780000)
 ParOldGen       total 1643008K, used 58256K [0x0000000080200000, 0x00000000e4680000, 0x0000000580100000)
  object space 1643008K, 3% used [0x0000000080200000,0x0000000083ae4270,0x00000000e4680000)
 Metaspace       used 35101K, capacity 35570K, committed 35928K, reserved 1081344K
  class space    used 4003K, capacity 4123K, committed 4224K, reserved 1048576K
Event: 23821.344 GC heap after
Heap after GC invocations=17 (full 2):
 PSYoungGen      total 1022464K, used 23664K [0x0000000580100000, 0x00000005c1380000, 0x0000000800000000)
  eden space 992256K, 0% used [0x0000000580100000,0x0000000580100000,0x00000005bca00000)
  from space 30208K, 78% used [0x00000005bca00000,0x00000005be11c010,0x00000005be780000)
  to   space 30208K, 0% used [0x00000005bf600000,0x00000005bf600000,0x00000005c1380000)
 ParOldGen       total 1643008K, used 58256K [0x0000000080200000, 0x00000000e4680000, 0x0000000580100000)
  object space 1643008K, 3% used [0x0000000080200000,0x0000000083ae4270,0x00000000e4680000)
 Metaspace       used 35101K, capacity 35570K, committed 35928K, reserved 1081344K
  class space    used 4003K, capacity 4123K, committed 4224K, reserved 1048576K
}
Event: 24091.271 GC heap before
{Heap before GC invocations=18 (full 2):
 PSYoungGen      total 1022464K, used 1015920K [0x0000000580100000, 0x00000005c1380000, 0x0000000800000000)
  eden space 992256K, 100% used [0x0000000580100000,0x00000005bca00000,0x00000005bca00000)
  from space 30208K, 78% used [0x00000005bca00000,0x00000005be11c010,0x00000005be780000)
  to   space 30208K, 0% used [0x00000005bf600000,0x00000005bf600000,0x00000005c1380000)
 ParOldGen       total 1643008K, used 58256K [0x0000000080200000, 0x00000000e4680000, 0x0000000580100000)
  object space 1643008K, 3% used [0x0000000080200000,0x0000000083ae4270,0x00000000e4680000)
 Metaspace       used 35101K, capacity 35570K, committed 35928K, reserved 1081344K
  class space    used 4003K, capacity 4123K, committed 4224K, reserved 1048576K
Event: 24091.311 GC heap after
Heap after GC invocations=18 (full 2):
 PSYoungGen      total 1034240K, used 24160K [0x0000000580100000, 0x00000005c1280000, 0x0000000800000000)
  eden space 1005056K, 0% used [0x0000000580100000,0x0000000580100000,0x00000005bd680000)
  from space 29184K, 82% used [0x00000005bf600000,0x00000005c0d98000,0x00000005c1280000)
  to   space 30720K, 0% used [0x00000005bd680000,0x00000005bd680000,0x00000005bf480000)
 ParOldGen       total 1643008K, used 58256K [0x0000000080200000, 0x00000000e4680000, 0x0000000580100000)
  object space 1643008K, 3% used [0x0000000080200000,0x0000000083ae4270,0x00000000e4680000)
 Metaspace       used 35101K, capacity 35570K, committed 35928K, reserved 1081344K
  class space    used 4003K, capacity 4123K, committed 4224K, reserved 1048576K
}
Event: 24375.522 GC heap before
{Heap before GC invocations=19 (full 2):
 PSYoungGen      total 1034240K, used 1029216K [0x0000000580100000, 0x00000005c1280000, 0x0000000800000000)
  eden space 1005056K, 100% used [0x0000000580100000,0x00000005bd680000,0x00000005bd680000)
  from space 29184K, 82% used [0x00000005bf600000,0x00000005c0d98000,0x00000005c1280000)
  to   space 30720K, 0% used [0x00000005bd680000,0x00000005bd680000,0x00000005bf480000)
 ParOldGen       total 1643008K, used 58256K [0x0000000080200000, 0x00000000e4680000, 0x0000000580100000)
  object space 1643008K, 3% used [0x0000000080200000,0x0000000083ae4270,0x00000000e4680000)
 Metaspace       used 35109K, capacity 35602K, committed 35928K, reserved 1081344K
  class space    used 4004K, capacity 4155K, committed 4224K, reserved 1048576K
Event: 24375.556 GC heap after
Heap after GC invocations=19 (full 2):
 PSYoungGen      total 1035776K, used 24928K [0x0000000580100000, 0x00000005c1a80000, 0x0000000800000000)
  eden space 1005056K, 0% used [0x0000000580100000,0x0000000580100000,0x00000005bd680000)
  from space 30720K, 81% used [0x00000005bd680000,0x00000005beed8000,0x00000005bf480000)
  to   space 31232K, 0% used [0x00000005bfc00000,0x00000005bfc00000,0x00000005c1a80000)
 ParOldGen       total 1643008K, used 58256K [0x0000000080200000, 0x00000000e4680000, 0x0000000580100000)
  object space 1643008K, 3% used [0x0000000080200000,0x0000000083ae4270,0x00000000e4680000)
 Metaspace       used 35109K, capacity 35602K, committed 35928K, reserved 1081344K
  class space    used 4004K, capacity 4155K, committed 4224K, reserved 1048576K
}
Event: 24562.041 GC heap before
{Heap before GC invocations=20 (full 2):
 PSYoungGen      total 1035776K, used 1029984K [0x0000000580100000, 0x00000005c1a80000, 0x0000000800000000)
  eden space 1005056K, 100% used [0x0000000580100000,0x00000005bd680000,0x00000005bd680000)
  from space 30720K, 81% used [0x00000005bd680000,0x00000005beed8000,0x00000005bf480000)
  to   space 31232K, 0% used [0x00000005bfc00000,0x00000005bfc00000,0x00000005c1a80000)
 ParOldGen       total 1643008K, used 58256K [0x0000000080200000, 0x00000000e4680000, 0x0000000580100000)
  object space 1643008K, 3% used [0x0000000080200000,0x0000000083ae4270,0x00000000e4680000)
 Metaspace       used 35122K, capacity 35602K, committed 35928K, reserved 1081344K
  class space    used 4007K, capacity 4155K, committed 4224K, reserved 1048576K
Event: 24562.077 GC heap after
Heap after GC invocations=20 (full 2):
 PSYoungGen      total 1042944K, used 25856K [0x0000000580100000, 0x00000005c1b00000, 0x0000000800000000)
  eden space 1011712K, 0% used [0x0000000580100000,0x0000000580100000,0x00000005bdd00000)
  from space 31232K, 82% used [0x00000005bfc00000,0x00000005c1540000,0x00000005c1a80000)
  to   space 31744K, 0% used [0x00000005bdd00000,0x00000005bdd00000,0x00000005bfc00000)
 ParOldGen       total 1643008K, used 58256K [0x0000000080200000, 0x00000000e4680000, 0x0000000580100000)
  object space 1643008K, 3% used [0x0000000080200000,0x0000000083ae4270,0x00000000e4680000)
 Metaspace       used 35122K, capacity 35602K, committed 35928K, reserved 1081344K
  class space    used 4007K, capacity 4155K, committed 4224K, reserved 1048576K
}
Event: 27163.573 GC heap before
{Heap before GC invocations=21 (full 2):
 PSYoungGen      total 1042944K, used 1037568K [0x0000000580100000, 0x00000005c1b00000, 0x0000000800000000)
  eden space 1011712K, 100% used [0x0000000580100000,0x00000005bdd00000,0x00000005bdd00000)
  from space 31232K, 82% used [0x00000005bfc00000,0x00000005c1540000,0x00000005c1a80000)
  to   space 31744K, 0% used [0x00000005bdd00000,0x00000005bdd00000,0x00000005bfc00000)
 ParOldGen       total 1643008K, used 58256K [0x0000000080200000, 0x00000000e4680000, 0x0000000580100000)
  object space 1643008K, 3% used [0x0000000080200000,0x0000000083ae4270,0x00000000e4680000)
 Metaspace       used 37489K, capacity 37910K, committed 38104K, reserved 1083392K
  class space    used 4191K, capacity 4321K, committed 4352K, reserved 1048576K
Event: 27163.606 GC heap after
Heap after GC invocations=21 (full 2):
 PSYoungGen      total 1043456K, used 25308K [0x0000000580100000, 0x00000005c2100000, 0x0000000800000000)
  eden space 1011712K, 0% used [0x0000000580100000,0x0000000580100000,0x00000005bdd00000)
  from space 31744K, 79% used [0x00000005bdd00000,0x00000005bf5b7368,0x00000005bfc00000)
  to   space 32256K, 0% used [0x00000005c0180000,0x00000005c0180000,0x00000005c2100000)
 ParOldGen       total 1643008K, used 58264K [0x0000000080200000, 0x00000000e4680000, 0x0000000580100000)
  object space 1643008K, 3% used [0x0000000080200000,0x0000000083ae6270,0x00000000e4680000)
 Metaspace       used 37489K, capacity 37910K, committed 38104K, reserved 1083392K
  class space    used 4191K, capacity 4321K, committed 4352K, reserved 1048576K
}
Event: 27195.440 GC heap before
{Heap before GC invocations=22 (full 2):
 PSYoungGen      total 1043456K, used 1037020K [0x0000000580100000, 0x00000005c2100000, 0x0000000800000000)
  eden space 1011712K, 100% used [0x0000000580100000,0x00000005bdd00000,0x00000005bdd00000)
  from space 31744K, 79% used [0x00000005bdd00000,0x00000005bf5b7368,0x00000005bfc00000)
  to   space 32256K, 0% used [0x00000005c0180000,0x00000005c0180000,0x00000005c2100000)
 ParOldGen       total 1643008K, used 58264K [0x0000000080200000, 0x00000000e4680000, 0x0000000580100000)
  object space 1643008K, 3% used [0x0000000080200000,0x0000000083ae6270,0x00000000e4680000)
 Metaspace       used 37490K, capacity 37910K, committed 38104K, reserved 1083392K
  class space    used 4192K, capacity 4321K, committed 4352K, reserved 1048576K
Event: 27195.479 GC heap after
Heap after GC invocations=22 (full 2):
 PSYoungGen      total 1047552K, used 29904K [0x0000000580100000, 0x00000005c2a80000, 0x0000000800000000)
  eden space 1015296K, 0% used [0x0000000580100000,0x0000000580100000,0x00000005be080000)
  from space 32256K, 92% used [0x00000005c0180000,0x00000005c1eb4010,0x00000005c2100000)
  to   space 33792K, 0% used [0x00000005be080000,0x00000005be080000,0x00000005c0180000)
 ParOldGen       total 1643008K, used 58272K [0x0000000080200000, 0x00000000e4680000, 0x0000000580100000)
  object space 1643008K, 3% used [0x0000000080200000,0x0000000083ae8270,0x00000000e4680000)
 Metaspace       used 37490K, capacity 37910K, committed 38104K, reserved 1083392K
  class space    used 4192K, capacity 4321K, committed 4352K, reserved 1048576K
}
Event: 27223.264 GC heap before
{Heap before GC invocations=23 (full 2):
 PSYoungGen      total 1047552K, used 1045200K [0x0000000580100000, 0x00000005c2a80000, 0x0000000800000000)
  eden space 1015296K, 100% used [0x0000000580100000,0x00000005be080000,0x00000005be080000)
  from space 32256K, 92% used [0x00000005c0180000,0x00000005c1eb4010,0x00000005c2100000)
  to   space 33792K, 0% used [0x00000005be080000,0x00000005be080000,0x00000005c0180000)
 ParOldGen       total 1643008K, used 58272K [0x0000000080200000, 0x00000000e4680000, 0x0000000580100000)
  object space 1643008K, 3% used [0x0000000080200000,0x0000000083ae8270,0x00000000e4680000)
 Metaspace       used 37494K, capacity 37974K, committed 38104K, reserved 1083392K
  class space    used 4192K, capacity 4321K, committed 4352K, reserved 1048576K
Event: 27223.298 GC heap after
Heap after GC invocations=23 (full 2):
 PSYoungGen      total 1049088K, used 30592K [0x0000000580100000, 0x00000005c3700000, 0x0000000800000000)
  eden space 1015296K, 0% used [0x0000000580100000,0x0000000580100000,0x00000005be080000)
  from space 33792K, 90% used [0x00000005be080000,0x00000005bfe60020,0x00000005c0180000)
  to   space 35840K, 0% used [0x00000005c1400000,0x00000005c1400000,0x00000005c3700000)
 ParOldGen       total 1643008K, used 58272K [0x0000000080200000, 0x00000000e4680000, 0x0000000580100000)
  object space 1643008K, 3% used [0x0000000080200000,0x0000000083ae8270,0x00000000e4680000)
 Metaspace       used 37494K, capacity 37974K, committed 38104K, reserved 1083392K
  class space    used 4192K, capacity 4321K, committed 4352K, reserved 1048576K
}

